Using pre-set license
Built from '2020.3/release' branch; Version is '2020.3.12f1 (b3b2c6512326) revision 11776710'; Using compiler version '192528614'; Build Type 'Release'
OS: 'Windows 10 Home Single Language; OS build 19042.1165; Version 2009; 64bit' Language: 'en' Physical Memory: 7995 MB
BatchMode: 1, IsHumanControllingUs: 0, StartBugReporterOnCrash: 0, Is64bit: 1, IsPro: 0

 COMMAND LINE ARGUMENTS:
C:\Program Files\Unity\Hub\Editor\2020.3.12f1\Editor\Unity.exe
-adb2
-batchMode
-noUpm
-name
AssetImportWorker1
-projectPath
C:/Users/HP/Documents/GitHub/Game-Assignment/Game Assignment
-logFile
Logs/AssetImportWorker1.log
-srvPort
53880
Successfully changed project path to: C:/Users/HP/Documents/GitHub/Game-Assignment/Game Assignment
C:/Users/HP/Documents/GitHub/Game-Assignment/Game Assignment
Using Asset Import Pipeline V2.
Refreshing native plugins compatible for Editor in 81.49 ms, found 3 plugins.
Preloading 0 native plugins for Editor in 0.00 ms.
Initialize engine version: 2020.3.12f1 (b3b2c6512326)
[Subsystems] Discovering subsystems at path C:/Program Files/Unity/Hub/Editor/2020.3.12f1/Editor/Data/Resources/UnitySubsystems
[Subsystems] Discovering subsystems at path C:/Users/HP/Documents/GitHub/Game-Assignment/Game Assignment/Assets
GfxDevice: creating device client; threaded=0
Direct3D:
    Version:  Direct3D 11.0 [level 11.0]
    Renderer: NVIDIA GeForce MX130 (ID=0x174d)
    Vendor:   
    VRAM:     2010 MB
    Driver:   27.21.14.6280
Initialize mono
Mono path[0] = 'C:/Program Files/Unity/Hub/Editor/2020.3.12f1/Editor/Data/Managed'
Mono path[1] = 'C:/Program Files/Unity/Hub/Editor/2020.3.12f1/Editor/Data/MonoBleedingEdge/lib/mono/unityjit'
Mono config path = 'C:/Program Files/Unity/Hub/Editor/2020.3.12f1/Editor/Data/MonoBleedingEdge/etc'
Using monoOptions --debugger-agent=transport=dt_socket,embedding=1,server=y,suspend=n,address=127.0.0.1:56648
Begin MonoManager ReloadAssembly
Registering precompiled unity dll's ...
Register platform support module: C:/Program Files/Unity/Hub/Editor/2020.3.12f1/Editor/Data/PlaybackEngines/WindowsStandaloneSupport/UnityEditor.WindowsStandalone.Extensions.dll
Registered in 0.001839 seconds.
Native extension for WindowsStandalone target not found
Refreshing native plugins compatible for Editor in 60.25 ms, found 3 plugins.
Preloading 0 native plugins for Editor in 0.00 ms.
Mono: successfully reloaded assembly
- Completed reload, in  1.217 seconds
Platform modules already initialized, skipping
Registering precompiled user dll's ...
Registered in 0.004417 seconds.
Begin MonoManager ReloadAssembly
Native extension for WindowsStandalone target not found
Refreshing native plugins compatible for Editor in 62.49 ms, found 3 plugins.
Preloading 0 native plugins for Editor in 0.00 ms.
Mono: successfully reloaded assembly
- Completed reload, in  1.476 seconds
Platform modules already initialized, skipping
========================================================================
Worker process is ready to serve import requests
Launched and connected shader compiler UnityShaderCompiler.exe after 0.10 seconds
Refreshing native plugins compatible for Editor in 0.61 ms, found 3 plugins.
Preloading 0 native plugins for Editor in 0.00 ms.
Unloading 2425 Unused Serialized files (Serialized files now loaded: 0)
System memory in use before: 107.0 MB.
System memory in use after: 106.7 MB.

Unloading 41 unused Assets to reduce memory usage. Loaded Objects now: 2856.
Total: 8.265000 ms (FindLiveObjects: 0.268600 ms CreateObjectMapping: 0.111000 ms MarkObjects: 7.186500 ms  DeleteObjects: 0.697200 ms)

AssetImportParameters requested are different than current active one (requested -> active):
  custom:framework-win-MediaFoundation: 216162199b28c13a410421893ffa2e32 -> 
  custom:video-decoder-ogg-theora: a1e56fd34408186e4bbccfd4996cb3dc -> 
  custom:container-muxer-webm: aa71ff27fc2769a1b78a27578f13a17b -> 
  custom:container-demuxer-webm: 4f35f7cbe854078d1ac9338744f61a02 -> 
  custom:container-demuxer-ogg: 62fdf1f143b41e24485cea50d1cbac27 -> 
  custom:video-encoder-webm-vp8: eb34c28f22e8b96e1ab97ce403110664 -> 
  custom:video-decoder-webm-vp8: 9c59270c3fd7afecdb556c50c9e8de78 -> 
  custom:audio-decoder-ogg-vorbis: bf7c407c2cedff20999df2af8eb42d56 -> 
  custom:audio-encoder-webm-vorbis: bf7c407c2cedff20999df2af8eb42d56 -> 
========================================================================
Received Import Request.
  path: Assets/Tilesets/GreenTile1/trees.png
  artifactKey: Guid(a36233b371300bf499a8df124ceb1642) Importer(815301076,1909f56bfc062723c751e8b465ee728b)
Start importing Assets/Tilesets/GreenTile1/trees.png using Guid(a36233b371300bf499a8df124ceb1642) Importer(815301076,1909f56bfc062723c751e8b465ee728b)  -> (artifact id: 'c9dadef0ddb6fda62828d759f59410d0') in 0.198701 seconds 
  Import took 0.204958 seconds .

========================================================================
Received Import Request.
  Time since last request: 20.983455 seconds.
  path: Assets/Tilesets/GreenTile1/trees_0.asset
  artifactKey: Guid(4aa34431e8097aa4db227bf73a8c0cd4) Importer(815301076,1909f56bfc062723c751e8b465ee728b)
Start importing Assets/Tilesets/GreenTile1/trees_0.asset using Guid(4aa34431e8097aa4db227bf73a8c0cd4) Importer(815301076,1909f56bfc062723c751e8b465ee728b)  -> (artifact id: 'a3f05296bc794602210b0028d1353580') in 0.049908 seconds 
  Import took 0.058783 seconds .

========================================================================
Received Import Request.
  Time since last request: 10.629791 seconds.
  path: Assets/Tilesets/GreenTile1/trees.png
  artifactKey: Guid(a36233b371300bf499a8df124ceb1642) Importer(815301076,1909f56bfc062723c751e8b465ee728b)
Start importing Assets/Tilesets/GreenTile1/trees.png using Guid(a36233b371300bf499a8df124ceb1642) Importer(815301076,1909f56bfc062723c751e8b465ee728b)  -> (artifact id: 'b456c67489a1ea2502865f894567a27d') in 0.052901 seconds 
  Import took 0.059700 seconds .

========================================================================
Received Import Request.
  Time since last request: 22.625660 seconds.
  path: Assets/Tilesets/GreenTile1/trees_9.asset
  artifactKey: Guid(ef2039edbf468b34fac979faf6d55c6f) Importer(815301076,1909f56bfc062723c751e8b465ee728b)
Start importing Assets/Tilesets/GreenTile1/trees_9.asset using Guid(ef2039edbf468b34fac979faf6d55c6f) Importer(815301076,1909f56bfc062723c751e8b465ee728b)  -> (artifact id: '339f8cec70d2e691ee8178c164d5c150') in 0.023934 seconds 
  Import took 0.030722 seconds .

========================================================================
Received Import Request.
  Time since last request: 15.136364 seconds.
  path: Assets/Tilesets/GreenTile1/trees.png
  artifactKey: Guid(a36233b371300bf499a8df124ceb1642) Importer(815301076,1909f56bfc062723c751e8b465ee728b)
Start importing Assets/Tilesets/GreenTile1/trees.png using Guid(a36233b371300bf499a8df124ceb1642) Importer(815301076,1909f56bfc062723c751e8b465ee728b)  -> (artifact id: '5aaa6464a0c84bd43fac1854774bd0f7') in 0.080849 seconds 
  Import took 0.087476 seconds .

========================================================================
Received Import Request.
  Time since last request: 0.000915 seconds.
  path: Assets/Tilesets/GreenTile1/trees.png
  artifactKey: Guid(a36233b371300bf499a8df124ceb1642) Importer(815301076,1909f56bfc062723c751e8b465ee728b)
Start importing Assets/Tilesets/GreenTile1/trees.png using Guid(a36233b371300bf499a8df124ceb1642) Importer(815301076,1909f56bfc062723c751e8b465ee728b)  -> (artifact id: '5aaa6464a0c84bd43fac1854774bd0f7') in 0.089724 seconds 
  Import took 0.094584 seconds .

========================================================================
Received Import Request.
  Time since last request: 278.639391 seconds.
  path: Assets/Tilesets/GreenTile1/Green1.prefab
  artifactKey: Guid(abd22a17223e8a44ebec15ce48c41f80) Importer(815301076,1909f56bfc062723c751e8b465ee728b)
Start importing Assets/Tilesets/GreenTile1/Green1.prefab using Guid(abd22a17223e8a44ebec15ce48c41f80) Importer(815301076,1909f56bfc062723c751e8b465ee728b)  -> (artifact id: 'a8443a260db079e8b1aa016172a39c32') in 0.018529 seconds 
  Import took 0.024150 seconds .

========================================================================
Received Import Request.
  Time since last request: 670.545956 seconds.
  path: Assets/Tilesets/GreenTile1/trees.png
  artifactKey: Guid(a36233b371300bf499a8df124ceb1642) Importer(815301076,1909f56bfc062723c751e8b465ee728b)
Start importing Assets/Tilesets/GreenTile1/trees.png using Guid(a36233b371300bf499a8df124ceb1642) Importer(815301076,1909f56bfc062723c751e8b465ee728b)  -> (artifact id: 'ed1146cfe513cf55b0a7a41b37905191') in 0.096933 seconds 
  Import took 0.102846 seconds .

========================================================================
Received Import Request.
  Time since last request: 55.666451 seconds.
  path: Assets/Tilesets/GreenTile1/trees_11.asset
  artifactKey: Guid(295cf5837fae56e44ab0b99a45e78c2c) Importer(815301076,1909f56bfc062723c751e8b465ee728b)
Start importing Assets/Tilesets/GreenTile1/trees_11.asset using Guid(295cf5837fae56e44ab0b99a45e78c2c) Importer(815301076,1909f56bfc062723c751e8b465ee728b)  -> (artifact id: 'a7f447263e231c173b4329d5a605fd31') in 0.022263 seconds 
  Import took 0.028644 seconds .

========================================================================
Received Import Request.
  Time since last request: 24.011146 seconds.
  path: Assets/Tilesets/GreenTile1/trees_10.asset
  artifactKey: Guid(a0b0b369be1aa3c4dac6bcf24bca2faa) Importer(815301076,1909f56bfc062723c751e8b465ee728b)
Start importing Assets/Tilesets/GreenTile1/trees_10.asset using Guid(a0b0b369be1aa3c4dac6bcf24bca2faa) Importer(815301076,1909f56bfc062723c751e8b465ee728b)  -> (artifact id: '8ce121c0e12050adfbc0862d43ef9ba2') in 0.017885 seconds 
  Import took 0.023295 seconds .

========================================================================
Received Import Request.
  Time since last request: 15.499764 seconds.
  path: Assets/Tilesets/GreenTile1/trees.png
  artifactKey: Guid(a36233b371300bf499a8df124ceb1642) Importer(815301076,1909f56bfc062723c751e8b465ee728b)
Start importing Assets/Tilesets/GreenTile1/trees.png using Guid(a36233b371300bf499a8df124ceb1642) Importer(815301076,1909f56bfc062723c751e8b465ee728b)  -> (artifact id: 'd5d3c9dc5e95dd128e125d5afa7b38db') in 0.076794 seconds 
  Import took 0.082950 seconds .

========================================================================
Received Import Request.
  Time since last request: 738.973603 seconds.
  path: Assets/Tilesets/GreenTile1/trees_5.asset
  artifactKey: Guid(41617ac43b5eff6459e22f1d0a1fb29a) Importer(815301076,1909f56bfc062723c751e8b465ee728b)
Start importing Assets/Tilesets/GreenTile1/trees_5.asset using Guid(41617ac43b5eff6459e22f1d0a1fb29a) Importer(815301076,1909f56bfc062723c751e8b465ee728b)  -> (artifact id: '91ad4331515dd49e9e27253f0eed4a62') in 0.091579 seconds 
  Import took 0.106257 seconds .

========================================================================
Received Prepare
Registering precompiled user dll's ...
Registered in 0.011355 seconds.
Begin MonoManager ReloadAssembly
Native extension for WindowsStandalone target not found
Refreshing native plugins compatible for Editor in 1.33 ms, found 3 plugins.
Preloading 0 native plugins for Editor in 0.00 ms.
Mono: successfully reloaded assembly
- Completed reload, in  3.165 seconds
Platform modules already initialized, skipping
Refreshing native plugins compatible for Editor in 1.33 ms, found 3 plugins.
Preloading 0 native plugins for Editor in 0.00 ms.
Unloading 2413 Unused Serialized files (Serialized files now loaded: 0)
System memory in use before: 109.6 MB.
System memory in use after: 109.3 MB.

Unloading 27 unused Assets to reduce memory usage. Loaded Objects now: 2917.
Total: 7.139700 ms (FindLiveObjects: 0.465500 ms CreateObjectMapping: 0.346200 ms MarkObjects: 5.667900 ms  DeleteObjects: 0.657300 ms)

AssetImportParameters requested are different than current active one (requested -> active):
  custom:framework-win-MediaFoundation: 216162199b28c13a410421893ffa2e32 -> 
  custom:video-decoder-ogg-theora: a1e56fd34408186e4bbccfd4996cb3dc -> 
  custom:container-muxer-webm: aa71ff27fc2769a1b78a27578f13a17b -> 
  custom:container-demuxer-webm: 4f35f7cbe854078d1ac9338744f61a02 -> 
  custom:container-demuxer-ogg: 62fdf1f143b41e24485cea50d1cbac27 -> 
  custom:video-encoder-webm-vp8: eb34c28f22e8b96e1ab97ce403110664 -> 
  custom:video-decoder-webm-vp8: 9c59270c3fd7afecdb556c50c9e8de78 -> 
  custom:audio-decoder-ogg-vorbis: bf7c407c2cedff20999df2af8eb42d56 -> 
  custom:audio-encoder-webm-vorbis: bf7c407c2cedff20999df2af8eb42d56 -> 
========================================================================
Received Prepare
Registering precompiled user dll's ...
Registered in 0.004835 seconds.
Begin MonoManager ReloadAssembly
Native extension for WindowsStandalone target not found
Refreshing native plugins compatible for Editor in 0.72 ms, found 3 plugins.
Preloading 0 native plugins for Editor in 0.00 ms.
Mono: successfully reloaded assembly
- Completed reload, in  1.955 seconds
Platform modules already initialized, skipping
Refreshing native plugins compatible for Editor in 1.17 ms, found 3 plugins.
Preloading 0 native plugins for Editor in 0.00 ms.
Unloading 2413 Unused Serialized files (Serialized files now loaded: 0)
System memory in use before: 109.7 MB.
System memory in use after: 109.3 MB.

Unloading 27 unused Assets to reduce memory usage. Loaded Objects now: 2921.
Total: 6.001900 ms (FindLiveObjects: 0.477900 ms CreateObjectMapping: 0.258600 ms MarkObjects: 4.662900 ms  DeleteObjects: 0.599600 ms)

AssetImportParameters requested are different than current active one (requested -> active):
  custom:framework-win-MediaFoundation: 216162199b28c13a410421893ffa2e32 -> 
  custom:video-decoder-ogg-theora: a1e56fd34408186e4bbccfd4996cb3dc -> 
  custom:container-muxer-webm: aa71ff27fc2769a1b78a27578f13a17b -> 
  custom:container-demuxer-webm: 4f35f7cbe854078d1ac9338744f61a02 -> 
  custom:container-demuxer-ogg: 62fdf1f143b41e24485cea50d1cbac27 -> 
  custom:video-encoder-webm-vp8: eb34c28f22e8b96e1ab97ce403110664 -> 
  custom:video-decoder-webm-vp8: 9c59270c3fd7afecdb556c50c9e8de78 -> 
  custom:audio-decoder-ogg-vorbis: bf7c407c2cedff20999df2af8eb42d56 -> 
  custom:audio-encoder-webm-vorbis: bf7c407c2cedff20999df2af8eb42d56 -> 
========================================================================
Received Import Request.
  Time since last request: 9096.653028 seconds.
  path: Assets/Tilesets/GreenTile1/trees_1.asset
  artifactKey: Guid(5d77c686a2a9ee94da96e818463ec08b) Importer(815301076,1909f56bfc062723c751e8b465ee728b)
Start importing Assets/Tilesets/GreenTile1/trees_1.asset using Guid(5d77c686a2a9ee94da96e818463ec08b) Importer(815301076,1909f56bfc062723c751e8b465ee728b)  -> (artifact id: '2fa63d41df5393d9365bca861131b553') in 0.075446 seconds 
  Import took 0.081682 seconds .

========================================================================
Received Import Request.
  Time since last request: 16.648850 seconds.
  path: Assets/Tilesets/GreenTile1/trees_6.asset
  artifactKey: Guid(81fc198d29da5bc4aa67cc7e890236c2) Importer(815301076,1909f56bfc062723c751e8b465ee728b)
Start importing Assets/Tilesets/GreenTile1/trees_6.asset using Guid(81fc198d29da5bc4aa67cc7e890236c2) Importer(815301076,1909f56bfc062723c751e8b465ee728b)  -> (artifact id: '04f83aac0f60f3267f46ba1afeb23c08') in 0.018870 seconds 
  Import took 0.025218 seconds .

========================================================================
Received Import Request.
  Time since last request: 23.437270 seconds.
  path: Assets/Tilesets/GreenTile1/trees_3.asset
  artifactKey: Guid(d73e9cab76ec3194182ccaddde1653d9) Importer(815301076,1909f56bfc062723c751e8b465ee728b)
Start importing Assets/Tilesets/GreenTile1/trees_3.asset using Guid(d73e9cab76ec3194182ccaddde1653d9) Importer(815301076,1909f56bfc062723c751e8b465ee728b)  -> (artifact id: 'a60f4d0b1bc5d352e956a013a4bb52a3') in 0.020655 seconds 
  Import took 0.026155 seconds .

========================================================================
Received Import Request.
  Time since last request: 18.767225 seconds.
  path: Assets/Tilesets/GreenTile1/trees_17.asset
  artifactKey: Guid(ed001445b7c8228408dbfa42686192f7) Importer(815301076,1909f56bfc062723c751e8b465ee728b)
Start importing Assets/Tilesets/GreenTile1/trees_17.asset using Guid(ed001445b7c8228408dbfa42686192f7) Importer(815301076,1909f56bfc062723c751e8b465ee728b)  -> (artifact id: '63747eb79686238203678739b293a31d') in 0.019563 seconds 
  Import took 0.025867 seconds .

========================================================================
Received Import Request.
  Time since last request: 28.469605 seconds.
  path: Assets/Tilesets/GreenTile1/trees.png
  artifactKey: Guid(a36233b371300bf499a8df124ceb1642) Importer(815301076,1909f56bfc062723c751e8b465ee728b)
Start importing Assets/Tilesets/GreenTile1/trees.png using Guid(a36233b371300bf499a8df124ceb1642) Importer(815301076,1909f56bfc062723c751e8b465ee728b)  -> (artifact id: '75cc3d51b581e581518b72469ed93211') in 0.118820 seconds 
  Import took 0.123759 seconds .

========================================================================
Received Import Request.
  Time since last request: 35.242503 seconds.
  path: Assets/Tilesets/GreenTile1/trees_8.asset
  artifactKey: Guid(7f2fdcb4d371d4e4b8609beee5c14fba) Importer(815301076,1909f56bfc062723c751e8b465ee728b)
Start importing Assets/Tilesets/GreenTile1/trees_8.asset using Guid(7f2fdcb4d371d4e4b8609beee5c14fba) Importer(815301076,1909f56bfc062723c751e8b465ee728b)  -> (artifact id: '90e1fec92c45b7d9c4581fb023173b22') in 0.019514 seconds 
  Import took 0.025416 seconds .

========================================================================
Received Import Request.
  Time since last request: 65.127447 seconds.
  path: Assets/Tilesets/GreenTile1/trees_16.asset
  artifactKey: Guid(17624f5eefd8c1347849166e632afda0) Importer(815301076,1909f56bfc062723c751e8b465ee728b)
Start importing Assets/Tilesets/GreenTile1/trees_16.asset using Guid(17624f5eefd8c1347849166e632afda0) Importer(815301076,1909f56bfc062723c751e8b465ee728b)  -> (artifact id: '5724243070eaf5764410f9defc150945') in 0.021091 seconds 
  Import took 0.026250 seconds .

========================================================================
Received Import Request.
  Time since last request: 42.206072 seconds.
  path: Assets/Tilesets/GreenTile1/trees_7.asset
  artifactKey: Guid(92ff3d9aa774a5f46af021e06969c56e) Importer(815301076,1909f56bfc062723c751e8b465ee728b)
Start importing Assets/Tilesets/GreenTile1/trees_7.asset using Guid(92ff3d9aa774a5f46af021e06969c56e) Importer(815301076,1909f56bfc062723c751e8b465ee728b)  -> (artifact id: '2f4f8a91011cc0c960dc8bd505c7cb99') in 0.021414 seconds 
  Import took 0.028073 seconds .

========================================================================
Received Prepare
Registering precompiled user dll's ...
Registered in 0.003442 seconds.
Begin MonoManager ReloadAssembly
Native extension for WindowsStandalone target not found
Refreshing native plugins compatible for Editor in 0.66 ms, found 3 plugins.
Preloading 0 native plugins for Editor in 0.00 ms.
Mono: successfully reloaded assembly
- Completed reload, in  1.475 seconds
Platform modules already initialized, skipping
Refreshing native plugins compatible for Editor in 1.12 ms, found 3 plugins.
Preloading 0 native plugins for Editor in 0.00 ms.
Unloading 2413 Unused Serialized files (Serialized files now loaded: 0)
System memory in use before: 109.7 MB.
System memory in use after: 109.4 MB.

Unloading 27 unused Assets to reduce memory usage. Loaded Objects now: 2927.
Total: 5.680100 ms (FindLiveObjects: 0.419000 ms CreateObjectMapping: 0.226700 ms MarkObjects: 4.443900 ms  DeleteObjects: 0.588200 ms)

AssetImportParameters requested are different than current active one (requested -> active):
  custom:framework-win-MediaFoundation: 216162199b28c13a410421893ffa2e32 -> 
  custom:video-decoder-ogg-theora: a1e56fd34408186e4bbccfd4996cb3dc -> 
  custom:container-muxer-webm: aa71ff27fc2769a1b78a27578f13a17b -> 
  custom:container-demuxer-webm: 4f35f7cbe854078d1ac9338744f61a02 -> 
  custom:container-demuxer-ogg: 62fdf1f143b41e24485cea50d1cbac27 -> 
  custom:video-encoder-webm-vp8: eb34c28f22e8b96e1ab97ce403110664 -> 
  custom:video-decoder-webm-vp8: 9c59270c3fd7afecdb556c50c9e8de78 -> 
  custom:audio-decoder-ogg-vorbis: bf7c407c2cedff20999df2af8eb42d56 -> 
  custom:audio-encoder-webm-vorbis: bf7c407c2cedff20999df2af8eb42d56 -> 
========================================================================
Received Import Request.
  Time since last request: 302.843771 seconds.
  path: Assets/Tilesets/GreenTile1/trees.png
  artifactKey: Guid(a36233b371300bf499a8df124ceb1642) Importer(815301076,1909f56bfc062723c751e8b465ee728b)
Start importing Assets/Tilesets/GreenTile1/trees.png using Guid(a36233b371300bf499a8df124ceb1642) Importer(815301076,1909f56bfc062723c751e8b465ee728b)  -> (artifact id: 'b17719a4b696297df0bf6c53dbe0c35d') in 0.089280 seconds 
  Import took 0.095913 seconds .

========================================================================
Received Import Request.
  Time since last request: 15.695840 seconds.
  path: Assets/Tilesets/GreenTile1/trees.png
  artifactKey: Guid(a36233b371300bf499a8df124ceb1642) Importer(815301076,1909f56bfc062723c751e8b465ee728b)
Start importing Assets/Tilesets/GreenTile1/trees.png using Guid(a36233b371300bf499a8df124ceb1642) Importer(815301076,1909f56bfc062723c751e8b465ee728b)  -> (artifact id: 'a18be4905a5d7b77baddc9f86ad8c313') in 0.071585 seconds 
  Import took 0.075895 seconds .

========================================================================
Received Import Request.
  Time since last request: 1735.576276 seconds.
  path: Assets/Tilesets/Buildings/police.png
  artifactKey: Guid(c17d0e1d347fb3c4aaa8885479b64758) Importer(815301076,1909f56bfc062723c751e8b465ee728b)
Start importing Assets/Tilesets/Buildings/police.png using Guid(c17d0e1d347fb3c4aaa8885479b64758) Importer(815301076,1909f56bfc062723c751e8b465ee728b)  -> (artifact id: '19da22c55b69459635d84663f4b5e60e') in 0.031025 seconds 
  Import took 0.037942 seconds .

========================================================================
Received Import Request.
  Time since last request: 50.774643 seconds.
  path: Assets/Tilesets/Buildings/building.prefab
  artifactKey: Guid(c18c7c4585201d04c933ba569cb2cedf) Importer(815301076,1909f56bfc062723c751e8b465ee728b)
Start importing Assets/Tilesets/Buildings/building.prefab using Guid(c18c7c4585201d04c933ba569cb2cedf) Importer(815301076,1909f56bfc062723c751e8b465ee728b)  -> (artifact id: '38c344de8d6abdb243a8c4678f8d151f') in 0.017362 seconds 
  Import took 0.026825 seconds .

========================================================================
Received Import Request.
  Time since last request: 0.000231 seconds.
  path: Assets/Tilesets/Buildings/police.asset
  artifactKey: Guid(bcc49a1211cb9b049963f4dafd4d3fb4) Importer(815301076,1909f56bfc062723c751e8b465ee728b)
Start importing Assets/Tilesets/Buildings/police.asset using Guid(bcc49a1211cb9b049963f4dafd4d3fb4) Importer(815301076,1909f56bfc062723c751e8b465ee728b)  -> (artifact id: '11d43f79c6103bc6e9b19ea7aee53bb4') in 0.024223 seconds 
  Import took 0.031163 seconds .

========================================================================
Received Import Request.
  Time since last request: 24.529568 seconds.
  path: Assets/Tilesets/Buildings/police.png
  artifactKey: Guid(c17d0e1d347fb3c4aaa8885479b64758) Importer(815301076,1909f56bfc062723c751e8b465ee728b)
Start importing Assets/Tilesets/Buildings/police.png using Guid(c17d0e1d347fb3c4aaa8885479b64758) Importer(815301076,1909f56bfc062723c751e8b465ee728b)  -> (artifact id: '620c1492140c48e66f80dd2b9a59cc41') in 0.018095 seconds 
  Import took 0.023965 seconds .

========================================================================
Received Import Request.
  Time since last request: 11.096043 seconds.
  path: Assets/Tilesets/Buildings/police.png
  artifactKey: Guid(c17d0e1d347fb3c4aaa8885479b64758) Importer(815301076,1909f56bfc062723c751e8b465ee728b)
Start importing Assets/Tilesets/Buildings/police.png using Guid(c17d0e1d347fb3c4aaa8885479b64758) Importer(815301076,1909f56bfc062723c751e8b465ee728b)  -> (artifact id: '8173666a2d82707835cf5ecd643b3a88') in 0.022142 seconds 
  Import took 0.028121 seconds .

========================================================================
Received Import Request.
  Time since last request: 14.654479 seconds.
  path: Assets/Tilesets/Buildings/police.png
  artifactKey: Guid(c17d0e1d347fb3c4aaa8885479b64758) Importer(815301076,1909f56bfc062723c751e8b465ee728b)
Start importing Assets/Tilesets/Buildings/police.png using Guid(c17d0e1d347fb3c4aaa8885479b64758) Importer(815301076,1909f56bfc062723c751e8b465ee728b)  -> (artifact id: '723caa8219877c15a263e93890c753a7') in 0.022015 seconds 
  Import took 0.026736 seconds .

========================================================================
Received Import Request.
  Time since last request: 349.735105 seconds.
  path: Assets/Tilesets/Buildings/ambulance.png
  artifactKey: Guid(8f352d3d23c8a6749acc90f3885e3dfe) Importer(815301076,1909f56bfc062723c751e8b465ee728b)
Start importing Assets/Tilesets/Buildings/ambulance.png using Guid(8f352d3d23c8a6749acc90f3885e3dfe) Importer(815301076,1909f56bfc062723c751e8b465ee728b)  -> (artifact id: '91498b77558a1d3cba2fd25c6a108896') in 0.020469 seconds 
  Import took 0.026542 seconds .

========================================================================
Received Import Request.
  Time since last request: 17.983982 seconds.
  path: Assets/Tilesets/Buildings/ambulance.png
  artifactKey: Guid(8f352d3d23c8a6749acc90f3885e3dfe) Importer(815301076,1909f56bfc062723c751e8b465ee728b)
Start importing Assets/Tilesets/Buildings/ambulance.png using Guid(8f352d3d23c8a6749acc90f3885e3dfe) Importer(815301076,1909f56bfc062723c751e8b465ee728b)  -> (artifact id: '020dc6f94a2ddb036eaaca233b3abe8f') in 0.030190 seconds 
  Import took 0.035156 seconds .

========================================================================
Received Import Request.
  Time since last request: 15.509133 seconds.
  path: Assets/Tilesets/Buildings/ambulance.asset
  artifactKey: Guid(86e995fd2bc1a494e8374c04a3236182) Importer(815301076,1909f56bfc062723c751e8b465ee728b)
Start importing Assets/Tilesets/Buildings/ambulance.asset using Guid(86e995fd2bc1a494e8374c04a3236182) Importer(815301076,1909f56bfc062723c751e8b465ee728b)  -> (artifact id: '3af7749aa95bdc407aea94b48a015af6') in 0.021544 seconds 
  Import took 0.026435 seconds .

========================================================================
Received Import Request.
  Time since last request: 0.000273 seconds.
  path: Assets/Tilesets/Buildings/building.prefab
  artifactKey: Guid(c18c7c4585201d04c933ba569cb2cedf) Importer(815301076,1909f56bfc062723c751e8b465ee728b)
Start importing Assets/Tilesets/Buildings/building.prefab using Guid(c18c7c4585201d04c933ba569cb2cedf) Importer(815301076,1909f56bfc062723c751e8b465ee728b)  -> (artifact id: '0d66f8c124727d0ecc3fcf3002704215') in 0.004585 seconds 
  Import took 0.009907 seconds .

========================================================================
Received Import Request.
  Time since last request: 28.101962 seconds.
  path: Assets/Tilesets/Buildings/ambulance.png
  artifactKey: Guid(8f352d3d23c8a6749acc90f3885e3dfe) Importer(815301076,1909f56bfc062723c751e8b465ee728b)
Start importing Assets/Tilesets/Buildings/ambulance.png using Guid(8f352d3d23c8a6749acc90f3885e3dfe) Importer(815301076,1909f56bfc062723c751e8b465ee728b)  -> (artifact id: 'd2442099e20a0ad97390910b0ebf9ed2') in 0.029575 seconds 
  Import took 0.033904 seconds .

========================================================================
Received Import Request.
  Time since last request: 51.534215 seconds.
  path: Assets/Tilesets/Buildings/ambulance.png
  artifactKey: Guid(8f352d3d23c8a6749acc90f3885e3dfe) Importer(815301076,1909f56bfc062723c751e8b465ee728b)
Start importing Assets/Tilesets/Buildings/ambulance.png using Guid(8f352d3d23c8a6749acc90f3885e3dfe) Importer(815301076,1909f56bfc062723c751e8b465ee728b)  -> (artifact id: '2223bf991aca1ba659788ce24ebced8c') in 0.020020 seconds 
  Import took 0.024808 seconds .

========================================================================
Received Prepare
Registering precompiled user dll's ...
Registered in 0.014301 seconds.
Begin MonoManager ReloadAssembly
Native extension for WindowsStandalone target not found
Refreshing native plugins compatible for Editor in 0.60 ms, found 3 plugins.
Preloading 0 native plugins for Editor in 0.00 ms.
Mono: successfully reloaded assembly
- Completed reload, in  1.506 seconds
Platform modules already initialized, skipping
Refreshing native plugins compatible for Editor in 1.11 ms, found 3 plugins.
Preloading 0 native plugins for Editor in 0.00 ms.
Unloading 2413 Unused Serialized files (Serialized files now loaded: 0)
System memory in use before: 109.8 MB.
System memory in use after: 109.4 MB.

Unloading 27 unused Assets to reduce memory usage. Loaded Objects now: 2937.
Total: 3.021500 ms (FindLiveObjects: 0.396800 ms CreateObjectMapping: 0.156100 ms MarkObjects: 2.190300 ms  DeleteObjects: 0.276800 ms)

AssetImportParameters requested are different than current active one (requested -> active):
  custom:framework-win-MediaFoundation: 216162199b28c13a410421893ffa2e32 -> 
  custom:video-decoder-ogg-theora: a1e56fd34408186e4bbccfd4996cb3dc -> 
  custom:container-muxer-webm: aa71ff27fc2769a1b78a27578f13a17b -> 
  custom:container-demuxer-webm: 4f35f7cbe854078d1ac9338744f61a02 -> 
  custom:container-demuxer-ogg: 62fdf1f143b41e24485cea50d1cbac27 -> 
  custom:video-encoder-webm-vp8: eb34c28f22e8b96e1ab97ce403110664 -> 
  custom:video-decoder-webm-vp8: 9c59270c3fd7afecdb556c50c9e8de78 -> 
  custom:audio-decoder-ogg-vorbis: bf7c407c2cedff20999df2af8eb42d56 -> 
  custom:audio-encoder-webm-vorbis: bf7c407c2cedff20999df2af8eb42d56 -> 
========================================================================
Received Prepare
Registering precompiled user dll's ...
Registered in 0.008060 seconds.
Begin MonoManager ReloadAssembly
Native extension for WindowsStandalone target not found
Refreshing native plugins compatible for Editor in 0.92 ms, found 3 plugins.
Preloading 0 native plugins for Editor in 0.00 ms.
Mono: successfully reloaded assembly
- Completed reload, in  1.848 seconds
Platform modules already initialized, skipping
Refreshing native plugins compatible for Editor in 0.60 ms, found 3 plugins.
Preloading 0 native plugins for Editor in 0.00 ms.
Unloading 2413 Unused Serialized files (Serialized files now loaded: 0)
System memory in use before: 109.7 MB.
System memory in use after: 109.3 MB.

Unloading 27 unused Assets to reduce memory usage. Loaded Objects now: 2941.
Total: 4.610200 ms (FindLiveObjects: 0.545400 ms CreateObjectMapping: 0.136700 ms MarkObjects: 3.318000 ms  DeleteObjects: 0.607600 ms)

AssetImportParameters requested are different than current active one (requested -> active):
  custom:framework-win-MediaFoundation: 216162199b28c13a410421893ffa2e32 -> 
  custom:video-decoder-ogg-theora: a1e56fd34408186e4bbccfd4996cb3dc -> 
  custom:container-muxer-webm: aa71ff27fc2769a1b78a27578f13a17b -> 
  custom:container-demuxer-webm: 4f35f7cbe854078d1ac9338744f61a02 -> 
  custom:container-demuxer-ogg: 62fdf1f143b41e24485cea50d1cbac27 -> 
  custom:video-encoder-webm-vp8: eb34c28f22e8b96e1ab97ce403110664 -> 
  custom:video-decoder-webm-vp8: 9c59270c3fd7afecdb556c50c9e8de78 -> 
  custom:audio-decoder-ogg-vorbis: bf7c407c2cedff20999df2af8eb42d56 -> 
  custom:audio-encoder-webm-vorbis: bf7c407c2cedff20999df2af8eb42d56 -> 
========================================================================
Received Import Request.
  Time since last request: 3817.984878 seconds.
  path: Assets/Tilesets/Buildings/hospital.png
  artifactKey: Guid(e5ee515386a0d94438f320c77ed8a2f2) Importer(815301076,1909f56bfc062723c751e8b465ee728b)
Start importing Assets/Tilesets/Buildings/hospital.png using Guid(e5ee515386a0d94438f320c77ed8a2f2) Importer(815301076,1909f56bfc062723c751e8b465ee728b)  -> (artifact id: '1879f9397083a2f1eb62550898046e72') in 0.116798 seconds 
  Import took 0.126728 seconds .

========================================================================
Received Import Request.
  Time since last request: 18.374049 seconds.
  path: Assets/Tilesets/Buildings/building.prefab
  artifactKey: Guid(c18c7c4585201d04c933ba569cb2cedf) Importer(815301076,1909f56bfc062723c751e8b465ee728b)
Start importing Assets/Tilesets/Buildings/building.prefab using Guid(c18c7c4585201d04c933ba569cb2cedf) Importer(815301076,1909f56bfc062723c751e8b465ee728b)  -> (artifact id: '4991c826fc0da028e8551a69d49457fb') in 0.032992 seconds 
  Import took 0.044513 seconds .

========================================================================
Received Import Request.
  Time since last request: 0.000637 seconds.
  path: Assets/Tilesets/Buildings/hospital.asset
  artifactKey: Guid(d68d009c765b6254781aedcbc01b18bc) Importer(815301076,1909f56bfc062723c751e8b465ee728b)
Start importing Assets/Tilesets/Buildings/hospital.asset using Guid(d68d009c765b6254781aedcbc01b18bc) Importer(815301076,1909f56bfc062723c751e8b465ee728b)  -> (artifact id: 'df5893986eda04eb2eede36a9b4bc79f') in 0.047078 seconds 
  Import took 0.059594 seconds .

========================================================================
Received Import Request.
  Time since last request: 178.477805 seconds.
  path: Assets/Tilesets/Buildings/building3.png
  artifactKey: Guid(cb2477d75851a3349bb52de2a8f22371) Importer(815301076,1909f56bfc062723c751e8b465ee728b)
Start importing Assets/Tilesets/Buildings/building3.png using Guid(cb2477d75851a3349bb52de2a8f22371) Importer(815301076,1909f56bfc062723c751e8b465ee728b)  -> (artifact id: '7b9c04a5d0bbfc0b21f72159220db858') in 0.045348 seconds 
  Import took 0.052468 seconds .

========================================================================
Received Import Request.
  Time since last request: 15.404535 seconds.
  path: Assets/Tilesets/Buildings/building3.png
  artifactKey: Guid(cb2477d75851a3349bb52de2a8f22371) Importer(815301076,1909f56bfc062723c751e8b465ee728b)
Start importing Assets/Tilesets/Buildings/building3.png using Guid(cb2477d75851a3349bb52de2a8f22371) Importer(815301076,1909f56bfc062723c751e8b465ee728b)  -> (artifact id: '5dab61ae2daa30d48db89f8285d698ea') in 0.024245 seconds 
  Import took 0.029341 seconds .

========================================================================
Received Import Request.
  Time since last request: 6.323267 seconds.
  path: Assets/Tilesets/Buildings/building.prefab
  artifactKey: Guid(c18c7c4585201d04c933ba569cb2cedf) Importer(815301076,1909f56bfc062723c751e8b465ee728b)
Start importing Assets/Tilesets/Buildings/building.prefab using Guid(c18c7c4585201d04c933ba569cb2cedf) Importer(815301076,1909f56bfc062723c751e8b465ee728b)  -> (artifact id: '73129149522cfa23036135ada6bf0752') in 0.005635 seconds 
  Import took 0.011398 seconds .

========================================================================
Received Import Request.
  Time since last request: 0.000276 seconds.
  path: Assets/Tilesets/Buildings/building3.asset
  artifactKey: Guid(ed1ab19f9a3c8db44b52933b1c31c8d9) Importer(815301076,1909f56bfc062723c751e8b465ee728b)
Start importing Assets/Tilesets/Buildings/building3.asset using Guid(ed1ab19f9a3c8db44b52933b1c31c8d9) Importer(815301076,1909f56bfc062723c751e8b465ee728b)  -> (artifact id: '13e9067bee7d3d8823c7f502faf6adca') in 0.025589 seconds 
  Import took 0.032628 seconds .

========================================================================
Received Import Request.
  Time since last request: 10.548245 seconds.
  path: Assets/Tilesets/Buildings/building3.png
  artifactKey: Guid(cb2477d75851a3349bb52de2a8f22371) Importer(815301076,1909f56bfc062723c751e8b465ee728b)
Start importing Assets/Tilesets/Buildings/building3.png using Guid(cb2477d75851a3349bb52de2a8f22371) Importer(815301076,1909f56bfc062723c751e8b465ee728b)  -> (artifact id: '5bbdf15d060350cb63edc22304498162') in 0.029201 seconds 
  Import took 0.035866 seconds .

========================================================================
Received Prepare
Registering precompiled user dll's ...
Registered in 0.022374 seconds.
Begin MonoManager ReloadAssembly
Native extension for WindowsStandalone target not found
Refreshing native plugins compatible for Editor in 1.17 ms, found 3 plugins.
Preloading 0 native plugins for Editor in 0.00 ms.
Mono: successfully reloaded assembly
- Completed reload, in  3.361 seconds
Platform modules already initialized, skipping
Refreshing native plugins compatible for Editor in 1.12 ms, found 3 plugins.
Preloading 0 native plugins for Editor in 0.00 ms.
Unloading 2413 Unused Serialized files (Serialized files now loaded: 0)
System memory in use before: 109.8 MB.
System memory in use after: 109.5 MB.

Unloading 27 unused Assets to reduce memory usage. Loaded Objects now: 2951.
Total: 7.749700 ms (FindLiveObjects: 0.659800 ms CreateObjectMapping: 0.255300 ms MarkObjects: 5.940100 ms  DeleteObjects: 0.891300 ms)

AssetImportParameters requested are different than current active one (requested -> active):
  custom:framework-win-MediaFoundation: 216162199b28c13a410421893ffa2e32 -> 
  custom:video-decoder-ogg-theora: a1e56fd34408186e4bbccfd4996cb3dc -> 
  custom:container-muxer-webm: aa71ff27fc2769a1b78a27578f13a17b -> 
  custom:container-demuxer-webm: 4f35f7cbe854078d1ac9338744f61a02 -> 
  custom:container-demuxer-ogg: 62fdf1f143b41e24485cea50d1cbac27 -> 
  custom:video-encoder-webm-vp8: eb34c28f22e8b96e1ab97ce403110664 -> 
  custom:video-decoder-webm-vp8: 9c59270c3fd7afecdb556c50c9e8de78 -> 
  custom:audio-decoder-ogg-vorbis: bf7c407c2cedff20999df2af8eb42d56 -> 
  custom:audio-encoder-webm-vorbis: bf7c407c2cedff20999df2af8eb42d56 -> 
========================================================================
Received Import Request.
  Time since last request: 297.618634 seconds.
  path: Assets/Scenes/Game.unity
  artifactKey: Guid(2cda990e2423bbf4892e6590ba056729) Importer(815301076,1909f56bfc062723c751e8b465ee728b)
Start importing Assets/Scenes/Game.unity using Guid(2cda990e2423bbf4892e6590ba056729) Importer(815301076,1909f56bfc062723c751e8b465ee728b)  -> (artifact id: '511f2709f526a0a1d0a47a4b68b6298e') in 0.049826 seconds 
  Import took 0.058887 seconds .

========================================================================
Received Prepare
Registering precompiled user dll's ...
Registered in 0.011353 seconds.
Begin MonoManager ReloadAssembly
Native extension for WindowsStandalone target not found
Refreshing native plugins compatible for Editor in 1.06 ms, found 3 plugins.
Preloading 0 native plugins for Editor in 0.00 ms.
Mono: successfully reloaded assembly
- Completed reload, in  3.474 seconds
Platform modules already initialized, skipping
Refreshing native plugins compatible for Editor in 1.27 ms, found 3 plugins.
Preloading 0 native plugins for Editor in 0.00 ms.
Unloading 2413 Unused Serialized files (Serialized files now loaded: 0)
System memory in use before: 109.8 MB.
System memory in use after: 109.5 MB.

Unloading 27 unused Assets to reduce memory usage. Loaded Objects now: 2955.
Total: 7.977000 ms (FindLiveObjects: 0.638000 ms CreateObjectMapping: 0.254900 ms MarkObjects: 6.212500 ms  DeleteObjects: 0.866600 ms)

AssetImportParameters requested are different than current active one (requested -> active):
  custom:framework-win-MediaFoundation: 216162199b28c13a410421893ffa2e32 -> 
  custom:video-decoder-ogg-theora: a1e56fd34408186e4bbccfd4996cb3dc -> 
  custom:container-muxer-webm: aa71ff27fc2769a1b78a27578f13a17b -> 
  custom:container-demuxer-webm: 4f35f7cbe854078d1ac9338744f61a02 -> 
  custom:container-demuxer-ogg: 62fdf1f143b41e24485cea50d1cbac27 -> 
  custom:video-encoder-webm-vp8: eb34c28f22e8b96e1ab97ce403110664 -> 
  custom:video-decoder-webm-vp8: 9c59270c3fd7afecdb556c50c9e8de78 -> 
  custom:audio-decoder-ogg-vorbis: bf7c407c2cedff20999df2af8eb42d56 -> 
  custom:audio-encoder-webm-vorbis: bf7c407c2cedff20999df2af8eb42d56 -> 
