Using pre-set license
Built from '2020.3/release' branch; Version is '2020.3.12f1 (b3b2c6512326) revision 11776710'; Using compiler version '192528614'; Build Type 'Release'
OS: 'Windows 10 Home Single Language; OS build 19042.1165; Version 2009; 64bit' Language: 'en' Physical Memory: 12140 MB
BatchMode: 1, IsHumanControllingUs: 0, StartBugReporterOnCrash: 0, Is64bit: 1, IsPro: 0

 COMMAND LINE ARGUMENTS:
C:\Program Files\Unity\Hub\Editor\2020.3.12f1\Editor\Unity.exe
-adb2
-batchMode
-noUpm
-name
AssetImportWorker0
-projectPath
D:/Github/Game-Assignment/Game Assignment
-logFile
Logs/AssetImportWorker0.log
-srvPort
64881
Successfully changed project path to: D:/Github/Game-Assignment/Game Assignment
D:/Github/Game-Assignment/Game Assignment
Using Asset Import Pipeline V2.
Refreshing native plugins compatible for Editor in 71.11 ms, found 3 plugins.
Preloading 0 native plugins for Editor in 0.00 ms.
Initialize engine version: 2020.3.12f1 (b3b2c6512326)
[Subsystems] Discovering subsystems at path C:/Program Files/Unity/Hub/Editor/2020.3.12f1/Editor/Data/Resources/UnitySubsystems
[Subsystems] Discovering subsystems at path D:/Github/Game-Assignment/Game Assignment/Assets
GfxDevice: creating device client; threaded=0
Direct3D:
    Version:  Direct3D 11.0 [level 11.1]
    Renderer: NVIDIA GeForce GTX 1650 (ID=0x1f91)
    Vendor:   
    VRAM:     3962 MB
    Driver:   27.21.14.6627
Shader 'Universal Render Pipeline/Particles/Lit': fallback shader 'Universal Render Pipeline/Particles/SimpleLit' not found
Initialize mono
Mono path[0] = 'C:/Program Files/Unity/Hub/Editor/2020.3.12f1/Editor/Data/Managed'
Mono path[1] = 'C:/Program Files/Unity/Hub/Editor/2020.3.12f1/Editor/Data/MonoBleedingEdge/lib/mono/unityjit'
Mono config path = 'C:/Program Files/Unity/Hub/Editor/2020.3.12f1/Editor/Data/MonoBleedingEdge/etc'
Using monoOptions --debugger-agent=transport=dt_socket,embedding=1,server=y,suspend=n,address=127.0.0.1:56912
Begin MonoManager ReloadAssembly
Registering precompiled unity dll's ...
Register platform support module: C:/Program Files/Unity/Hub/Editor/2020.3.12f1/Editor/Data/PlaybackEngines/WindowsStandaloneSupport/UnityEditor.WindowsStandalone.Extensions.dll
Registered in 0.002717 seconds.
Native extension for WindowsStandalone target not found
Refreshing native plugins compatible for Editor in 74.74 ms, found 3 plugins.
Preloading 0 native plugins for Editor in 0.00 ms.
Mono: successfully reloaded assembly
- Completed reload, in  1.255 seconds
Platform modules already initialized, skipping
Registering precompiled user dll's ...
Registered in 0.004214 seconds.
Begin MonoManager ReloadAssembly
Native extension for WindowsStandalone target not found
Refreshing native plugins compatible for Editor in 74.66 ms, found 3 plugins.
Preloading 0 native plugins for Editor in 0.00 ms.
Mono: successfully reloaded assembly
- Completed reload, in  1.500 seconds
Platform modules already initialized, skipping
========================================================================
Worker process is ready to serve import requests
Shader 'Universal Render Pipeline/Particles/Lit': fallback shader 'Universal Render Pipeline/Particles/SimpleLit' not found
Launched and connected shader compiler UnityShaderCompiler.exe after 0.06 seconds
Refreshing native plugins compatible for Editor in 0.70 ms, found 3 plugins.
Preloading 0 native plugins for Editor in 0.00 ms.
Unloading 3293 Unused Serialized files (Serialized files now loaded: 0)
System memory in use before: 146.2 MB.
System memory in use after: 146.4 MB.

Unloading 29 unused Assets to reduce memory usage. Loaded Objects now: 3730.
Total: 2.976600 ms (FindLiveObjects: 0.367300 ms CreateObjectMapping: 0.221000 ms MarkObjects: 2.295900 ms  DeleteObjects: 0.091100 ms)

AssetImportParameters requested are different than current active one (requested -> active):
  custom:framework-win-MediaFoundation: 216162199b28c13a410421893ffa2e32 -> 
  custom:video-decoder-ogg-theora: a1e56fd34408186e4bbccfd4996cb3dc -> 
  custom:container-muxer-webm: aa71ff27fc2769a1b78a27578f13a17b -> 
  custom:container-demuxer-webm: 4f35f7cbe854078d1ac9338744f61a02 -> 
  custom:container-demuxer-ogg: 62fdf1f143b41e24485cea50d1cbac27 -> 
  custom:video-encoder-webm-vp8: eb34c28f22e8b96e1ab97ce403110664 -> 
  custom:video-codec-MediaFoundation-h265: 746d11721c4dcdbdad8f713fa42b33f4 -> 
  custom:video-decoder-webm-vp8: 9c59270c3fd7afecdb556c50c9e8de78 -> 
  custom:audio-decoder-ogg-vorbis: bf7c407c2cedff20999df2af8eb42d56 -> 
  custom:audio-encoder-webm-vorbis: bf7c407c2cedff20999df2af8eb42d56 -> 
========================================================================
Received Import Request.
  path: Assets/Scripts/SoundManager.cs
  artifactKey: Guid(3f0040318ffa8d340a3832937992dd49) Importer(815301076,1909f56bfc062723c751e8b465ee728b)
Start importing Assets/Scripts/SoundManager.cs using Guid(3f0040318ffa8d340a3832937992dd49) Importer(815301076,1909f56bfc062723c751e8b465ee728b)  -> (artifact id: 'b236f4776b15b371ac41d134b55ebaf9') in 0.030507 seconds 
  Import took 0.040655 seconds .

========================================================================
Received Import Request.
  Time since last request: 0.000333 seconds.
  path: Assets/Scripts/Questing.cs
  artifactKey: Guid(db31766d6206c7b45a7ef60786412b20) Importer(815301076,1909f56bfc062723c751e8b465ee728b)
Start importing Assets/Scripts/Questing.cs using Guid(db31766d6206c7b45a7ef60786412b20) Importer(815301076,1909f56bfc062723c751e8b465ee728b)  -> (artifact id: 'dd46994639a598a1e1428f6e6feb3080') in 0.006315 seconds 
  Import took 0.016051 seconds .

========================================================================
Received Import Request.
  Time since last request: 0.000223 seconds.
  path: Assets/Scripts/QuestGoal.cs
  artifactKey: Guid(d742e19bcd3b71b489496cdf1bdabeb5) Importer(815301076,1909f56bfc062723c751e8b465ee728b)
Start importing Assets/Scripts/QuestGoal.cs using Guid(d742e19bcd3b71b489496cdf1bdabeb5) Importer(815301076,1909f56bfc062723c751e8b465ee728b)  -> (artifact id: 'ebe6e0cdd6e45185bb3908cb7b164d9d') in 0.006352 seconds 
  Import took 0.013594 seconds .

========================================================================
Received Import Request.
  Time since last request: 0.000244 seconds.
  path: Assets/Scripts/TimeCountDown.cs
  artifactKey: Guid(57994c46178b1204a8749ba8f414301b) Importer(815301076,1909f56bfc062723c751e8b465ee728b)
Start importing Assets/Scripts/TimeCountDown.cs using Guid(57994c46178b1204a8749ba8f414301b) Importer(815301076,1909f56bfc062723c751e8b465ee728b)  -> (artifact id: 'a0a89241a22e60ed301a3586534b5392') in 0.006858 seconds 
  Import took 0.015708 seconds .

========================================================================
Received Import Request.
  Time since last request: 0.000404 seconds.
  path: Assets/Scripts/GiveQuest.cs
  artifactKey: Guid(bfe2204fba52482448f13fc6f53f0848) Importer(815301076,1909f56bfc062723c751e8b465ee728b)
Start importing Assets/Scripts/GiveQuest.cs using Guid(bfe2204fba52482448f13fc6f53f0848) Importer(815301076,1909f56bfc062723c751e8b465ee728b)  -> (artifact id: 'b2a31d7bec1e60b14449c6b83db4d789') in 0.007580 seconds 
  Import took 0.015354 seconds .

========================================================================
Received Import Request.
  Time since last request: 0.000220 seconds.
  path: Assets/Scripts/Range.cs
  artifactKey: Guid(c97eb7fb9562dc54283168fa09f77bac) Importer(815301076,1909f56bfc062723c751e8b465ee728b)
Start importing Assets/Scripts/Range.cs using Guid(c97eb7fb9562dc54283168fa09f77bac) Importer(815301076,1909f56bfc062723c751e8b465ee728b)  -> (artifact id: 'c04987b10c6d1afb5095b2206a3f88f8') in 0.007091 seconds 
  Import took 0.015042 seconds .

========================================================================
Received Import Request.
  Time since last request: 0.168839 seconds.
  path: Assets/Scripts/CameraFollow.cs
  artifactKey: Guid(577fc386479a9fc47aeb4c92d772a1dd) Importer(815301076,1909f56bfc062723c751e8b465ee728b)
Start importing Assets/Scripts/CameraFollow.cs using Guid(577fc386479a9fc47aeb4c92d772a1dd) Importer(815301076,1909f56bfc062723c751e8b465ee728b)  -> (artifact id: 'f26515acf2fce32ee9563cbdf9e071bc') in 0.007251 seconds 
  Import took 0.015076 seconds .

========================================================================
Received Import Request.
  Time since last request: 0.000312 seconds.
  path: Assets/Scripts/CameraFollow.cs
  artifactKey: Guid(577fc386479a9fc47aeb4c92d772a1dd) Importer(815301076,1909f56bfc062723c751e8b465ee728b)
Start importing Assets/Scripts/CameraFollow.cs using Guid(577fc386479a9fc47aeb4c92d772a1dd) Importer(815301076,1909f56bfc062723c751e8b465ee728b)  -> (artifact id: 'f26515acf2fce32ee9563cbdf9e071bc') in 0.003456 seconds 
  Import took 0.010804 seconds .

========================================================================
Received Import Request.
  Time since last request: 0.326566 seconds.
  path: Assets/Scripts/ChaseOscar.cs
  artifactKey: Guid(136ac357ff0a334438ad71512ebf9fd7) Importer(815301076,1909f56bfc062723c751e8b465ee728b)
Start importing Assets/Scripts/ChaseOscar.cs using Guid(136ac357ff0a334438ad71512ebf9fd7) Importer(815301076,1909f56bfc062723c751e8b465ee728b)  -> (artifact id: '1ae846302a242ec0e755aa3ed06846a6') in 0.005805 seconds 
  Import took 0.011817 seconds .

========================================================================
Received Import Request.
  Time since last request: 0.002316 seconds.
  path: Assets/Scripts/ChaseOscar.cs
  artifactKey: Guid(136ac357ff0a334438ad71512ebf9fd7) Importer(815301076,1909f56bfc062723c751e8b465ee728b)
Start importing Assets/Scripts/ChaseOscar.cs using Guid(136ac357ff0a334438ad71512ebf9fd7) Importer(815301076,1909f56bfc062723c751e8b465ee728b)  -> (artifact id: '1ae846302a242ec0e755aa3ed06846a6') in 0.002642 seconds 
  Import took 0.008721 seconds .

========================================================================
Received Import Request.
  Time since last request: 0.439054 seconds.
  path: Assets/Scripts/Dialogue.cs
  artifactKey: Guid(72679d6283df0c44181da5665d12c6a9) Importer(815301076,1909f56bfc062723c751e8b465ee728b)
Start importing Assets/Scripts/Dialogue.cs using Guid(72679d6283df0c44181da5665d12c6a9) Importer(815301076,1909f56bfc062723c751e8b465ee728b)  -> (artifact id: 'e65c24bc6684cb2e50db14588701cd35') in 0.012837 seconds 
  Import took 0.026028 seconds .

========================================================================
Received Import Request.
  Time since last request: 1.129909 seconds.
  path: Assets/Scripts/DialogueManager.cs
  artifactKey: Guid(850e2af89b32fe542a93dd258c709a22) Importer(815301076,1909f56bfc062723c751e8b465ee728b)
Start importing Assets/Scripts/DialogueManager.cs using Guid(850e2af89b32fe542a93dd258c709a22) Importer(815301076,1909f56bfc062723c751e8b465ee728b)  -> (artifact id: '462d6bd5a99529dc29c08542dc521fd9') in 0.006146 seconds 
  Import took 0.013816 seconds .

========================================================================
Received Import Request.
  Time since last request: 0.646698 seconds.
  path: Assets/Scripts/DialogueTrigger.cs
  artifactKey: Guid(c24d0319c308ccf459f25e9e9ec5e6de) Importer(815301076,1909f56bfc062723c751e8b465ee728b)
Start importing Assets/Scripts/DialogueTrigger.cs using Guid(c24d0319c308ccf459f25e9e9ec5e6de) Importer(815301076,1909f56bfc062723c751e8b465ee728b)  -> (artifact id: '700960c9280081babbab663238df992c') in 0.006444 seconds 
  Import took 0.012291 seconds .

========================================================================
Received Import Request.
  Time since last request: 0.841618 seconds.
  path: Assets/Scripts/Enemygethurt.cs
  artifactKey: Guid(56d3f218106536c4ba27d31cf583318d) Importer(815301076,1909f56bfc062723c751e8b465ee728b)
Start importing Assets/Scripts/Enemygethurt.cs using Guid(56d3f218106536c4ba27d31cf583318d) Importer(815301076,1909f56bfc062723c751e8b465ee728b)  -> (artifact id: '9f55cedad881d0fe7cceb67b1862498f') in 0.007568 seconds 
  Import took 0.014640 seconds .

========================================================================
Received Import Request.
  Time since last request: 0.000742 seconds.
  path: Assets/Scripts/Enemygethurt.cs
  artifactKey: Guid(56d3f218106536c4ba27d31cf583318d) Importer(815301076,1909f56bfc062723c751e8b465ee728b)
Start importing Assets/Scripts/Enemygethurt.cs using Guid(56d3f218106536c4ba27d31cf583318d) Importer(815301076,1909f56bfc062723c751e8b465ee728b)  -> (artifact id: '9f55cedad881d0fe7cceb67b1862498f') in 0.001795 seconds 
  Import took 0.007489 seconds .

========================================================================
Received Import Request.
  Time since last request: 1.733452 seconds.
  path: Assets/Scripts/Health.cs
  artifactKey: Guid(a099871c4d2a4b04b86b60529a45d7df) Importer(815301076,1909f56bfc062723c751e8b465ee728b)
Start importing Assets/Scripts/Health.cs using Guid(a099871c4d2a4b04b86b60529a45d7df) Importer(815301076,1909f56bfc062723c751e8b465ee728b)  -> (artifact id: '739e513adc583d5b4d41b6baff0c8aaf') in 0.006238 seconds 
  Import took 0.011784 seconds .

========================================================================
Received Import Request.
  Time since last request: 0.593545 seconds.
  path: Assets/Scripts/HunterController.cs
  artifactKey: Guid(7e12a4bad59a8524897e9cc48dcd2523) Importer(815301076,1909f56bfc062723c751e8b465ee728b)
Start importing Assets/Scripts/HunterController.cs using Guid(7e12a4bad59a8524897e9cc48dcd2523) Importer(815301076,1909f56bfc062723c751e8b465ee728b)  -> (artifact id: '2323a42cc5faf1ae169787bf858a0a47') in 0.008354 seconds 
  Import took 0.016216 seconds .

========================================================================
Received Import Request.
  Time since last request: 0.996572 seconds.
  path: Assets/Scripts/HurtEnemy.cs
  artifactKey: Guid(42483a4f3c63a6c44a40ad84911f64d7) Importer(815301076,1909f56bfc062723c751e8b465ee728b)
Start importing Assets/Scripts/HurtEnemy.cs using Guid(42483a4f3c63a6c44a40ad84911f64d7) Importer(815301076,1909f56bfc062723c751e8b465ee728b)  -> (artifact id: '1b84a92e2fa44e7514b7b23509c80046') in 0.006514 seconds 
  Import took 0.012955 seconds .

========================================================================
Received Import Request.
  Time since last request: 1.229982 seconds.
  path: Assets/Scripts/LevelUp.cs
  artifactKey: Guid(371ee5eca8f47c84f90cee54bb7b24f6) Importer(815301076,1909f56bfc062723c751e8b465ee728b)
Start importing Assets/Scripts/LevelUp.cs using Guid(371ee5eca8f47c84f90cee54bb7b24f6) Importer(815301076,1909f56bfc062723c751e8b465ee728b)  -> (artifact id: 'a408ad1e3afdddd31642fd8400c8e645') in 0.005570 seconds 
  Import took 0.011817 seconds .

========================================================================
Received Import Request.
  Time since last request: 0.477515 seconds.
  path: Assets/Scripts/Menu.cs
  artifactKey: Guid(81c6b40ee7240c04db9deb4058d4b6f3) Importer(815301076,1909f56bfc062723c751e8b465ee728b)
Start importing Assets/Scripts/Menu.cs using Guid(81c6b40ee7240c04db9deb4058d4b6f3) Importer(815301076,1909f56bfc062723c751e8b465ee728b)  -> (artifact id: 'fa22838c06ac1317b0b2a98f2c2397e2') in 0.005400 seconds 
  Import took 0.010276 seconds .

========================================================================
Received Import Request.
  Time since last request: 0.526350 seconds.
  path: Assets/Scripts/OptionMenu.cs
  artifactKey: Guid(e5206c2c4a9f08040b582c56e2ad71fc) Importer(815301076,1909f56bfc062723c751e8b465ee728b)
Start importing Assets/Scripts/OptionMenu.cs using Guid(e5206c2c4a9f08040b582c56e2ad71fc) Importer(815301076,1909f56bfc062723c751e8b465ee728b)  -> (artifact id: '2e2d6a34bc0b5173ece6b18ffa464d64') in 0.005370 seconds 
  Import took 0.011376 seconds .

========================================================================
Received Import Request.
  Time since last request: 0.000673 seconds.
  path: Assets/Scripts/OptionMenu.cs
  artifactKey: Guid(e5206c2c4a9f08040b582c56e2ad71fc) Importer(815301076,1909f56bfc062723c751e8b465ee728b)
Start importing Assets/Scripts/OptionMenu.cs using Guid(e5206c2c4a9f08040b582c56e2ad71fc) Importer(815301076,1909f56bfc062723c751e8b465ee728b)  -> (artifact id: '2e2d6a34bc0b5173ece6b18ffa464d64') in 0.002341 seconds 
  Import took 0.008125 seconds .

========================================================================
Received Import Request.
  Time since last request: 1.072964 seconds.
  path: Assets/Scripts/OscarController.cs
  artifactKey: Guid(42443dadf6186fd4c8c93483a0b5da08) Importer(815301076,1909f56bfc062723c751e8b465ee728b)
Start importing Assets/Scripts/OscarController.cs using Guid(42443dadf6186fd4c8c93483a0b5da08) Importer(815301076,1909f56bfc062723c751e8b465ee728b)  -> (artifact id: '5b197f95bd3f272cb10c11b6a2cbf043') in 0.007385 seconds 
  Import took 0.014301 seconds .

========================================================================
Received Import Request.
  Time since last request: 0.003304 seconds.
  path: Assets/Scripts/OscarController.cs
  artifactKey: Guid(42443dadf6186fd4c8c93483a0b5da08) Importer(815301076,1909f56bfc062723c751e8b465ee728b)
Start importing Assets/Scripts/OscarController.cs using Guid(42443dadf6186fd4c8c93483a0b5da08) Importer(815301076,1909f56bfc062723c751e8b465ee728b)  -> (artifact id: '5b197f95bd3f272cb10c11b6a2cbf043') in 0.003295 seconds 
  Import took 0.012757 seconds .

========================================================================
Received Import Request.
  Time since last request: 36.763976 seconds.
  path: Assets/Animations/WhiteDog.controller
  artifactKey: Guid(bf4b16bd28ed3544da19caa3a929cddb) Importer(815301076,1909f56bfc062723c751e8b465ee728b)
Start importing Assets/Animations/WhiteDog.controller using Guid(bf4b16bd28ed3544da19caa3a929cddb) Importer(815301076,1909f56bfc062723c751e8b465ee728b)  -> (artifact id: 'ab76e281e1db079b315e1daafa29e551') in 0.023969 seconds 
  Import took 0.033027 seconds .

========================================================================
Received Prepare
Shader 'Universal Render Pipeline/Particles/Lit': fallback shader 'Universal Render Pipeline/Particles/SimpleLit' not found
Refreshing native plugins compatible for Editor in 5.05 ms, found 3 plugins.
Preloading 0 native plugins for Editor in 0.00 ms.
Unloading 15 Unused Serialized files (Serialized files now loaded: 0)
System memory in use before: 75.2 MB.
System memory in use after: 75.4 MB.

Unloading 15 unused Assets to reduce memory usage. Loaded Objects now: 3730.
Total: 6.065800 ms (FindLiveObjects: 0.813200 ms CreateObjectMapping: 0.427200 ms MarkObjects: 4.757700 ms  DeleteObjects: 0.065500 ms)

AssetImportParameters requested are different than current active one (requested -> active):
  custom:framework-win-MediaFoundation: 216162199b28c13a410421893ffa2e32 -> 
  custom:video-decoder-ogg-theora: a1e56fd34408186e4bbccfd4996cb3dc -> 
  custom:container-muxer-webm: aa71ff27fc2769a1b78a27578f13a17b -> 
  custom:container-demuxer-webm: 4f35f7cbe854078d1ac9338744f61a02 -> 
  custom:container-demuxer-ogg: 62fdf1f143b41e24485cea50d1cbac27 -> 
  custom:video-encoder-webm-vp8: eb34c28f22e8b96e1ab97ce403110664 -> 
  custom:video-codec-MediaFoundation-h265: 746d11721c4dcdbdad8f713fa42b33f4 -> 
  custom:video-decoder-webm-vp8: 9c59270c3fd7afecdb556c50c9e8de78 -> 
  custom:audio-decoder-ogg-vorbis: bf7c407c2cedff20999df2af8eb42d56 -> 
  custom:audio-encoder-webm-vorbis: bf7c407c2cedff20999df2af8eb42d56 -> 
========================================================================
Received Prepare
Registering precompiled user dll's ...
Registered in 0.003699 seconds.
Begin MonoManager ReloadAssembly
Native extension for WindowsStandalone target not found
Refreshing native plugins compatible for Editor in 0.72 ms, found 3 plugins.
Preloading 0 native plugins for Editor in 0.00 ms.
Mono: successfully reloaded assembly
- Completed reload, in  1.181 seconds
Platform modules already initialized, skipping
Shader 'Universal Render Pipeline/Particles/Lit': fallback shader 'Universal Render Pipeline/Particles/SimpleLit' not found
Refreshing native plugins compatible for Editor in 0.77 ms, found 3 plugins.
Preloading 0 native plugins for Editor in 0.00 ms.
Unloading 3166 Unused Serialized files (Serialized files now loaded: 0)
System memory in use before: 137.6 MB.
System memory in use after: 137.8 MB.

Unloading 17 unused Assets to reduce memory usage. Loaded Objects now: 3734.
Total: 2.834600 ms (FindLiveObjects: 0.271800 ms CreateObjectMapping: 0.128700 ms MarkObjects: 2.415200 ms  DeleteObjects: 0.017800 ms)

AssetImportParameters requested are different than current active one (requested -> active):
  custom:framework-win-MediaFoundation: 216162199b28c13a410421893ffa2e32 -> 
  custom:video-decoder-ogg-theora: a1e56fd34408186e4bbccfd4996cb3dc -> 
  custom:container-muxer-webm: aa71ff27fc2769a1b78a27578f13a17b -> 
  custom:container-demuxer-webm: 4f35f7cbe854078d1ac9338744f61a02 -> 
  custom:container-demuxer-ogg: 62fdf1f143b41e24485cea50d1cbac27 -> 
  custom:video-encoder-webm-vp8: eb34c28f22e8b96e1ab97ce403110664 -> 
  custom:video-codec-MediaFoundation-h265: 746d11721c4dcdbdad8f713fa42b33f4 -> 
  custom:video-decoder-webm-vp8: 9c59270c3fd7afecdb556c50c9e8de78 -> 
  custom:audio-decoder-ogg-vorbis: bf7c407c2cedff20999df2af8eb42d56 -> 
  custom:audio-encoder-webm-vorbis: bf7c407c2cedff20999df2af8eb42d56 -> 
========================================================================
Received Import Request.
  Time since last request: 210.368600 seconds.
  path: Assets/Prefabs/Snake.prefab
  artifactKey: Guid(518fdc28ec3db624da7e660d6a2d3817) Importer(815301076,1909f56bfc062723c751e8b465ee728b)
Start importing Assets/Prefabs/Snake.prefab using Guid(518fdc28ec3db624da7e660d6a2d3817) Importer(815301076,1909f56bfc062723c751e8b465ee728b)  -> (artifact id: '138974c90a5b7b8c04954b38a259ff91') in 0.251596 seconds 
  Import took 0.259788 seconds .

========================================================================
Received Prepare
Registering precompiled user dll's ...
Registered in 0.003584 seconds.
Begin MonoManager ReloadAssembly
Native extension for WindowsStandalone target not found
Refreshing native plugins compatible for Editor in 1.58 ms, found 3 plugins.
Preloading 0 native plugins for Editor in 0.00 ms.
Mono: successfully reloaded assembly
- Completed reload, in  1.190 seconds
Platform modules already initialized, skipping
Shader 'Universal Render Pipeline/Particles/Lit': fallback shader 'Universal Render Pipeline/Particles/SimpleLit' not found
Refreshing native plugins compatible for Editor in 0.75 ms, found 3 plugins.
Preloading 0 native plugins for Editor in 0.00 ms.
Unloading 3166 Unused Serialized files (Serialized files now loaded: 0)
System memory in use before: 142.8 MB.
System memory in use after: 143.0 MB.

Unloading 17 unused Assets to reduce memory usage. Loaded Objects now: 3783.
Total: 3.016800 ms (FindLiveObjects: 0.297500 ms CreateObjectMapping: 0.175300 ms MarkObjects: 2.521000 ms  DeleteObjects: 0.021600 ms)

AssetImportParameters requested are different than current active one (requested -> active):
  custom:framework-win-MediaFoundation: 216162199b28c13a410421893ffa2e32 -> 
  custom:video-decoder-ogg-theora: a1e56fd34408186e4bbccfd4996cb3dc -> 
  custom:container-muxer-webm: aa71ff27fc2769a1b78a27578f13a17b -> 
  custom:container-demuxer-webm: 4f35f7cbe854078d1ac9338744f61a02 -> 
  custom:container-demuxer-ogg: 62fdf1f143b41e24485cea50d1cbac27 -> 
  custom:video-encoder-webm-vp8: eb34c28f22e8b96e1ab97ce403110664 -> 
  custom:video-codec-MediaFoundation-h265: 746d11721c4dcdbdad8f713fa42b33f4 -> 
  custom:video-decoder-webm-vp8: 9c59270c3fd7afecdb556c50c9e8de78 -> 
  custom:audio-decoder-ogg-vorbis: bf7c407c2cedff20999df2af8eb42d56 -> 
  custom:audio-encoder-webm-vorbis: bf7c407c2cedff20999df2af8eb42d56 -> 
========================================================================
Received Import Request.
  Time since last request: 7.069406 seconds.
  path: Assets/Prefabs/WhiteDog.prefab
  artifactKey: Guid(51bfa98bed88f224f8af2f9a165b69ff) Importer(815301076,1909f56bfc062723c751e8b465ee728b)
Start importing Assets/Prefabs/WhiteDog.prefab using Guid(51bfa98bed88f224f8af2f9a165b69ff) Importer(815301076,1909f56bfc062723c751e8b465ee728b)  -> (artifact id: '81a0fa8bf69ac0778e2d4252e744db63') in 0.160417 seconds 
  Import took 0.167836 seconds .

========================================================================
Received Prepare
Registering precompiled user dll's ...
Registered in 0.003475 seconds.
Begin MonoManager ReloadAssembly
Native extension for WindowsStandalone target not found
Refreshing native plugins compatible for Editor in 1.02 ms, found 3 plugins.
Preloading 0 native plugins for Editor in 0.00 ms.
Mono: successfully reloaded assembly
- Completed reload, in  1.290 seconds
Platform modules already initialized, skipping
Shader 'Universal Render Pipeline/Particles/Lit': fallback shader 'Universal Render Pipeline/Particles/SimpleLit' not found
Refreshing native plugins compatible for Editor in 0.69 ms, found 3 plugins.
Preloading 0 native plugins for Editor in 0.00 ms.
Unloading 3166 Unused Serialized files (Serialized files now loaded: 0)
System memory in use before: 142.9 MB.
System memory in use after: 143.1 MB.

Unloading 17 unused Assets to reduce memory usage. Loaded Objects now: 3823.
Total: 3.337500 ms (FindLiveObjects: 0.310300 ms CreateObjectMapping: 0.173500 ms MarkObjects: 2.828000 ms  DeleteObjects: 0.024000 ms)

AssetImportParameters requested are different than current active one (requested -> active):
  custom:framework-win-MediaFoundation: 216162199b28c13a410421893ffa2e32 -> 
  custom:video-decoder-ogg-theora: a1e56fd34408186e4bbccfd4996cb3dc -> 
  custom:container-muxer-webm: aa71ff27fc2769a1b78a27578f13a17b -> 
  custom:container-demuxer-webm: 4f35f7cbe854078d1ac9338744f61a02 -> 
  custom:container-demuxer-ogg: 62fdf1f143b41e24485cea50d1cbac27 -> 
  custom:video-encoder-webm-vp8: eb34c28f22e8b96e1ab97ce403110664 -> 
  custom:video-codec-MediaFoundation-h265: 746d11721c4dcdbdad8f713fa42b33f4 -> 
  custom:video-decoder-webm-vp8: 9c59270c3fd7afecdb556c50c9e8de78 -> 
  custom:audio-decoder-ogg-vorbis: bf7c407c2cedff20999df2af8eb42d56 -> 
  custom:audio-encoder-webm-vorbis: bf7c407c2cedff20999df2af8eb42d56 -> 
========================================================================
Received Prepare
Registering precompiled user dll's ...
Registered in 0.003693 seconds.
Begin MonoManager ReloadAssembly
Native extension for WindowsStandalone target not found
Refreshing native plugins compatible for Editor in 0.71 ms, found 3 plugins.
Preloading 0 native plugins for Editor in 0.00 ms.
Mono: successfully reloaded assembly
- Completed reload, in  1.249 seconds
Platform modules already initialized, skipping
Shader 'Universal Render Pipeline/Particles/Lit': fallback shader 'Universal Render Pipeline/Particles/SimpleLit' not found
Refreshing native plugins compatible for Editor in 1.38 ms, found 3 plugins.
Preloading 0 native plugins for Editor in 0.00 ms.
Unloading 3166 Unused Serialized files (Serialized files now loaded: 0)
System memory in use before: 142.9 MB.
System memory in use after: 143.2 MB.

Unloading 17 unused Assets to reduce memory usage. Loaded Objects now: 3827.
Total: 3.108600 ms (FindLiveObjects: 0.485600 ms CreateObjectMapping: 0.189800 ms MarkObjects: 2.411000 ms  DeleteObjects: 0.021200 ms)

AssetImportParameters requested are different than current active one (requested -> active):
  custom:framework-win-MediaFoundation: 216162199b28c13a410421893ffa2e32 -> 
  custom:video-decoder-ogg-theora: a1e56fd34408186e4bbccfd4996cb3dc -> 
  custom:container-muxer-webm: aa71ff27fc2769a1b78a27578f13a17b -> 
  custom:container-demuxer-webm: 4f35f7cbe854078d1ac9338744f61a02 -> 
  custom:container-demuxer-ogg: 62fdf1f143b41e24485cea50d1cbac27 -> 
  custom:video-encoder-webm-vp8: eb34c28f22e8b96e1ab97ce403110664 -> 
  custom:video-codec-MediaFoundation-h265: 746d11721c4dcdbdad8f713fa42b33f4 -> 
  custom:video-decoder-webm-vp8: 9c59270c3fd7afecdb556c50c9e8de78 -> 
  custom:audio-decoder-ogg-vorbis: bf7c407c2cedff20999df2af8eb42d56 -> 
  custom:audio-encoder-webm-vorbis: bf7c407c2cedff20999df2af8eb42d56 -> 
========================================================================
Received Prepare
Registering precompiled user dll's ...
Registered in 0.004527 seconds.
Begin MonoManager ReloadAssembly
Native extension for WindowsStandalone target not found
Refreshing native plugins compatible for Editor in 0.69 ms, found 3 plugins.
Preloading 0 native plugins for Editor in 0.00 ms.
Mono: successfully reloaded assembly
- Completed reload, in  1.220 seconds
Platform modules already initialized, skipping
Shader 'Universal Render Pipeline/Particles/Lit': fallback shader 'Universal Render Pipeline/Particles/SimpleLit' not found
Refreshing native plugins compatible for Editor in 0.71 ms, found 3 plugins.
Preloading 0 native plugins for Editor in 0.00 ms.
Unloading 3166 Unused Serialized files (Serialized files now loaded: 0)
System memory in use before: 143.0 MB.
System memory in use after: 143.2 MB.

Unloading 17 unused Assets to reduce memory usage. Loaded Objects now: 3831.
Total: 3.768000 ms (FindLiveObjects: 0.320400 ms CreateObjectMapping: 0.153200 ms MarkObjects: 3.261600 ms  DeleteObjects: 0.031000 ms)

AssetImportParameters requested are different than current active one (requested -> active):
  custom:framework-win-MediaFoundation: 216162199b28c13a410421893ffa2e32 -> 
  custom:video-decoder-ogg-theora: a1e56fd34408186e4bbccfd4996cb3dc -> 
  custom:container-muxer-webm: aa71ff27fc2769a1b78a27578f13a17b -> 
  custom:container-demuxer-webm: 4f35f7cbe854078d1ac9338744f61a02 -> 
  custom:container-demuxer-ogg: 62fdf1f143b41e24485cea50d1cbac27 -> 
  custom:video-encoder-webm-vp8: eb34c28f22e8b96e1ab97ce403110664 -> 
  custom:video-codec-MediaFoundation-h265: 746d11721c4dcdbdad8f713fa42b33f4 -> 
  custom:video-decoder-webm-vp8: 9c59270c3fd7afecdb556c50c9e8de78 -> 
  custom:audio-decoder-ogg-vorbis: bf7c407c2cedff20999df2af8eb42d56 -> 
  custom:audio-encoder-webm-vorbis: bf7c407c2cedff20999df2af8eb42d56 -> 
AssetImportWorkerClient::OnTransportError - code=2 error=End of file
